app/dashboard/children/[childId]/settings/page.tsx(86,16): error TS2345: Argument of type '{ id: string; name: string; grade_level: string | null; current_theme: string | null; }' is not assignable to parameter of type 'SetStateAction<Child | null>'.
app/dashboard/children/[childId]/settings/page.tsx(89,15): error TS2769: No overload matches this call.
app/dashboard/children/[childId]/settings/page.tsx(95,22): error TS2345: Argument of type '(SelectQueryError<"column 'theme_id' does not exist on 'children'."> | SelectQueryError<"column 'theme_id' does not exist on 'avatar_items'."> | ... 74 more ... | SelectQueryError<...>)[]' is not assignable to parameter of type 'SetStateAction<OwnedTheme[]>'.
app/dashboard/children/[childId]/settings/page.tsx(98,15): error TS2769: No overload matches this call.
app/dashboard/children/[childId]/settings/page.tsx(159,17): error TS2769: No overload matches this call.
app/dashboard/children/[childId]/settings/page.tsx(182,17): error TS2769: No overload matches this call.
app/dashboard/page.tsx(78,19): error TS2345: Argument of type '{ age: number | null; avatar: string | null; coins: number | null; created_at: string | null; current_streak: number | null; current_theme: string | null; grade: string | null; ... 14 more ...; xp: number | null; }[]' is not assignable to parameter of type 'SetStateAction<Child[]>'.
app/family/page.tsx(79,19): error TS2345: Argument of type '{ age: number | null; avatar: string | null; coins: number | null; created_at: string | null; current_streak: number | null; current_theme: string | null; grade: string | null; ... 14 more ...; xp: number | null; }[]' is not assignable to parameter of type 'SetStateAction<Child[]>'.
app/kid/[id]/documents/page.tsx(88,20): error TS2345: Argument of type '{ ai_summary: string | null; doc_type: string | null; extracted_text: string | null; id: string; image_url: string | null; scanned_at: string | null; student_id: string | null; subject: string | null; }[]' is not assignable to parameter of type 'SetStateAction<Document[]>'.
app/kid/[id]/documents/page.tsx(105,15): error TS2769: No overload matches this call.
app/kid/[id]/documents/page.tsx(123,15): error TS2769: No overload matches this call.
app/kid/[id]/reading/[storyId]/quiz/page.tsx(51,7): error TS2322: Type 'any[]' is not assignable to type 'never[]'.
app/kid/[id]/reading/[storyId]/quiz/StoryQuizPage.tsx(29,13): error TS2339: Property 'id' does not exist on type 'never'.
app/kid/[id]/reading/[storyId]/quiz/StoryQuizPage.tsx(30,19): error TS2339: Property 'question_text' does not exist on type 'never'.
app/kid/[id]/reading/[storyId]/quiz/StoryQuizPage.tsx(31,19): error TS2339: Property 'choice_a' does not exist on type 'never'.
app/kid/[id]/reading/[storyId]/quiz/StoryQuizPage.tsx(31,31): error TS2339: Property 'choice_b' does not exist on type 'never'.
app/kid/[id]/reading/[storyId]/quiz/StoryQuizPage.tsx(31,43): error TS2339: Property 'choice_c' does not exist on type 'never'.
app/kid/[id]/reading/[storyId]/quiz/StoryQuizPage.tsx(31,55): error TS2339: Property 'choice_d' does not exist on type 'never'.
app/kid/[id]/reading/[storyId]/quiz/StoryQuizPage.tsx(32,25): error TS2339: Property 'correct_answer' does not exist on type 'never'.
app/kid/[id]/reading/[storyId]/quiz/StoryQuizPage.tsx(57,27): error TS2769: No overload matches this call.
app/kid/[id]/reading/[storyId]/quiz/StoryQuizPage.tsx(93,13): error TS2769: No overload matches this call.
app/kid/[id]/reading/[storyId]/quiz/StoryQuizPage.tsx(99,48): error TS2339: Property 'total_questions_correct' does not exist on type '{ completed: boolean | null; id: string; rating: number | null; read_at: string | null; story_id: string | null; student_id: string | null; }'.
app/kid/[id]/reading/[storyId]/quiz/StoryQuizPage.tsx(100,49): error TS2339: Property 'total_questions_answered' does not exist on type '{ completed: boolean | null; id: string; rating: number | null; read_at: string | null; story_id: string | null; student_id: string | null; }'.
app/kid/[id]/reading/[storyId]/quiz/StoryQuizPage.tsx(104,15): error TS2769: No overload matches this call.
app/kid/[id]/reading/[storyId]/quiz/StoryQuizPage.tsx(106,47): error TS2339: Property 'stories_completed' does not exist on type '{ completed: boolean | null; id: string; rating: number | null; read_at: string | null; story_id: string | null; student_id: string | null; }'.
app/kid/[id]/reading/[storyId]/quiz/StoryQuizPage.tsx(117,27): error TS2769: No overload matches this call.
app/kid/[id]/reading/[storyId]/quiz/StoryQuizPage.tsx(139,20): error TS18047: 'child.coins' is possibly 'null'.
app/kid/[id]/reading/[storyId]/StoryReaderPage.tsx(56,38): error TS2345: Argument of type 'string | null' is not assignable to parameter of type 'string'.
app/kid/[id]/reading/[storyId]/StoryReaderPage.tsx(57,42): error TS2339: Property 'lexile_band' does not exist on type '{ comprehension_questions: Json; content: string; created_at: string | null; genre: string | null; id: string; is_favorite: boolean | null; questions_generated_at: string | null; reading_level: string | null; student_id: string | null; title: string; word_count: number | null; }'.
app/kid/[id]/reading/[storyId]/StoryReaderPage.tsx(59,30): error TS2339: Property 'expected_time_minutes' does not exist on type '{ comprehension_questions: Json; content: string; created_at: string | null; genre: string | null; id: string; is_favorite: boolean | null; questions_generated_at: string | null; reading_level: string | null; student_id: string | null; title: string; word_count: number | null; }'.
app/kid/[id]/reading/[storyId]/StoryReaderPage.tsx(69,27): error TS2769: No overload matches this call.
app/kid/[id]/reading/[storyId]/StoryReaderPage.tsx(98,9): error TS2322: Type '{ id: string; title: string; cover_emoji: string; lexile_level: number; word_count: number | null; estimated_minutes: any; content: string; paragraphs: string[]; }' is not assignable to type 'StoryData'.
app/kid/[id]/reading/[storyId]/StoryReaderPage.tsx(103,38): error TS2339: Property 'primaryColor' does not exist on type 'Theme'.
app/kid/[id]/reading/[storyId]/StoryReaderPage.tsx(104,36): error TS2339: Property 'fontFamily' does not exist on type 'Theme'.
app/kid/[id]/scan/page.tsx(116,17): error TS2769: No overload matches this call.
app/kid/[id]/settings/page.tsx(84,25): error TS2345: Argument of type 'string | null' is not assignable to parameter of type 'SetStateAction<string>'.
app/kid/[id]/settings/page.tsx(92,17): error TS2769: No overload matches this call.
app/kid/[id]/settings/page.tsx(102,17): error TS2769: No overload matches this call.
app/kid/[id]/shop/page.tsx(55,20): error TS2345: Argument of type 'number | null' is not assignable to parameter of type 'SetStateAction<number>'.
app/kid/[id]/shop/page.tsx(56,25): error TS2345: Argument of type 'string | null' is not assignable to parameter of type 'SetStateAction<string>'.
app/kid/[id]/shop/page.tsx(60,17): error TS2769: No overload matches this call.
app/kid/[id]/shop/page.tsx(65,48): error TS2339: Property 'theme_id' does not exist on type 'SelectQueryError<"column 'theme_id' does not exist on 'children'."> | SelectQueryError<"column 'theme_id' does not exist on 'avatar_items'."> | ... 74 more ... | SelectQueryError<...>'.
app/kid/[id]/shop/page.tsx(69,17): error TS2769: No overload matches this call.
app/kid/[id]/shop/page.tsx(74,49): error TS2339: Property 'theme_id' does not exist on type 'SelectQueryError<"column 'theme_id' does not exist on 'children'."> | SelectQueryError<"column 'theme_id' does not exist on 'avatar_items'."> | ... 74 more ... | SelectQueryError<...>'.
app/kid/[id]/shop/page.tsx(104,15): error TS2769: No overload matches this call.
components/LessonViewer.tsx(148,25): error TS2769: No overload matches this call.
components/SubjectPage.tsx(45,13): error TS2769: No overload matches this call.
components/SubjectPage.tsx(51,55): error TS2339: Property 'skill_id' does not exist on type '{ attempts: number | null; best_score: number | null; completed: boolean | null; created_at: string | null; id: string; last_practiced: string | null; questions_answered: number | null; questions_correct: number | null; skill_code: string; student_id: string | null; subject_code: string; }'.
components/SubjectPage.tsx(60,125): error TS2339: Property 'score' does not exist on type '{ attempts: number | null; best_score: number | null; completed: boolean | null; created_at: string | null; id: string; last_practiced: string | null; questions_answered: number | null; questions_correct: number | null; skill_code: string; student_id: string | null; subject_code: string; }'.
components/theme/DashboardTemplate.tsx(421,16): error TS2322: Type '{ children: Element; href?: undefined; key: string; } | { children: Element; href: string; key: string; }' is not assignable to type 'IntrinsicAttributes & ClassAttributes<HTMLDivElement> & HTMLAttributes<HTMLDivElement> & Omit<...> & InternalLinkProps & { ...; } & RefAttributes<...>'.
components/theme/DashboardTemplate.tsx(511,16): error TS2322: Type '{ children: Element; href?: undefined; key: number; } | { children: Element; href: string; key: number; }' is not assignable to type 'IntrinsicAttributes & ClassAttributes<HTMLDivElement> & HTMLAttributes<HTMLDivElement> & Omit<...> & InternalLinkProps & { ...; } & RefAttributes<...>'.
components/theme/SkinProvider.tsx(40,19): error TS2339: Property 'selected_theme_skin' does not exist on type 'SelectQueryError<"column 'selected_theme_skin' does not exist on 'children'.">'.
components/theme/SkinProvider.tsx(41,34): error TS2339: Property 'selected_theme_skin' does not exist on type 'SelectQueryError<"column 'selected_theme_skin' does not exist on 'children'.">'.
lib/auth-context.tsx(88,45): error TS2769: No overload matches this call.
lib/auth-context.tsx(89,17): error TS2769: No overload matches this call.
lib/auth-context.tsx(121,40): error TS2339: Property 'parent_pin' does not exist on type 'SelectQueryError<"column 'parent_pin' does not exist on 'profiles'.">'.
lib/auth-context.tsx(135,19): error TS2345: Argument of type '{ parent_pin: string; }' is not assignable to parameter of type '{ avatar_url?: string | null | undefined; created_at?: string | null | undefined; email?: string | null | undefined; full_name?: string | null | undefined; id?: string | undefined; onboarding_complete?: boolean | ... 1 more ... | undefined; role?: string | ... 1 more ... | undefined; updated_at?: string | ... 1 more...'.
lib/data/foundation-topics.ts(34,26): error TS7053: Element implicitly has an 'any' type because expression of type '"3-5"' can't be used to index type '{ 'K-2': { id: string; name: string; description: string; rules: string[]; }[]; '3-5': { id: string; name: string; description: string; rules: string[]; }[]; } | { 'K-2': { id: string; name: string; description: string; rules: string[]; }[]; }'.
lib/learning-profile-analyzer.ts(31,58): error TS2589: Type instantiation is excessively deep and possibly infinite.
lib/learning-profile-analyzer.ts(32,11): error TS2769: No overload matches this call.
lib/learning-profile-analyzer.ts(44,51): error TS2339: Property 'is_correct' does not exist on type 'never'.
lib/learning-profile-analyzer.ts(47,67): error TS2339: Property 'time_spent_seconds' does not exist on type 'never'.
lib/learning-profile-analyzer.ts(53,53): error TS2339: Property 'help_requested' does not exist on type 'never'.
lib/learning-profile-analyzer.ts(59,18): error TS2339: Property 'is_correct' does not exist on type 'never'.
lib/learning-profile-analyzer.ts(78,11): error TS2769: No overload matches this call.
lib/learning-profile-analyzer.ts(81,37): error TS2344: Type '"subject_code" | "score"' does not satisfy the constraint '"id" | "student_id" | "created_at" | "subject_code" | "attempts" | "last_practiced" | "skill_code" | "completed" | "questions_correct" | "best_score" | "questions_answered"'.
lib/learning-profile-analyzer.ts(88,5): error TS2365: Operator '+=' cannot be applied to types 'number' and '{}'.
lib/learning-profile-analyzer.ts(121,11): error TS2769: No overload matches this call.
lib/learning-profile-analyzer.ts(122,13): error TS2345: Argument of type '{ primary_learning_style: "visual" | "auditory" | "reading" | "kinesthetic"; preferred_pace: "slow" | "medium" | "fast"; frustration_threshold: number; needs_more_examples: boolean; ... 8 more ...; learning_style_confidence: number; }' is not assignable to parameter of type '{ category?: string | null | undefined; coin_reward?: number | null | undefined; created_at?: string | null | undefined; description?: string | null | undefined; icon?: string | null | undefined; ... 4 more ...; requirement_value?: number | undefined; } | ... 75 more ... | { ...; }'.
lib/learning-profile-analyzer.ts(137,56): error TS2339: Property 'time_spent_seconds' does not exist on type 'never'.
lib/learning-profile-analyzer.ts(138,50): error TS2339: Property 'help_requested' does not exist on type 'never'.
lib/learning-profile-analyzer.ts(153,29): error TS2339: Property 'created_at' does not exist on type 'never'.
lib/learning-profile-analyzer.ts(157,29): error TS2339: Property 'created_at' does not exist on type 'never'.
lib/learning-profile-analyzer.ts(161,29): error TS2339: Property 'created_at' does not exist on type 'never'.
lib/learning-profile-analyzer.ts(166,37): error TS2339: Property 'is_correct' does not exist on type 'never'.
lib/learning-profile-analyzer.ts(169,39): error TS2339: Property 'is_correct' does not exist on type 'never'.
lib/learning-profile-analyzer.ts(172,37): error TS2339: Property 'is_correct' does not exist on type 'never'.
lib/learning-profile-analyzer.ts(188,42): error TS2339: Property 'created_at' does not exist on type 'never'.
lib/learning-profile-analyzer.ts(195,56): error TS2339: Property 'created_at' does not exist on type 'never'.
lib/learning-profile-analyzer.ts(196,38): error TS2339: Property 'created_at' does not exist on type 'never'.
lib/learning-profile-analyzer.ts(211,11): error TS2769: No overload matches this call.
lib/learning-profile-analyzer.ts(219,11): error TS2769: No overload matches this call.
lib/theme-helpers.ts(17,11): error TS2769: No overload matches this call.
lib/theme-helpers.ts(27,11): error TS2769: No overload matches this call.
lib/theme-helpers.ts(41,11): error TS2769: No overload matches this call.
lib/theme-helpers.ts(71,7): error TS18047: 'child.coins' is possibly 'null'.
lib/theme-helpers.ts(74,11): error TS2769: No overload matches this call.
lib/theme-helpers.ts(85,22): error TS18047: 'child.coins' is possibly 'null'.
lib/theme-helpers.ts(90,10): error TS18047: 'child.coins' is possibly 'null'.
lib/theme-helpers.ts(97,11): error TS2769: No overload matches this call.
lib/theme-helpers.ts(113,11): error TS2769: No overload matches this call.
lib/use-theme-skin.ts(48,20): error TS2339: Property 'theme_xp' does not exist on type 'SelectQueryError<"column 'theme_xp' does not exist on 'children'.">'.
lib/use-theme-skin.ts(49,23): error TS2339: Property 'theme_level' does not exist on type 'SelectQueryError<"column 'theme_xp' does not exist on 'children'.">'.
lib/use-theme-skin.ts(50,30): error TS2339: Property 'selected_theme_skin' does not exist on type 'SelectQueryError<"column 'theme_xp' does not exist on 'children'.">'.
lib/use-theme-skin.ts(77,19): error TS2345: Argument of type '{ selected_theme_skin: string; }' is not assignable to parameter of type '{ age?: number | null | undefined; avatar?: string | null | undefined; coins?: number | null | undefined; created_at?: string | null | undefined; current_streak?: number | null | undefined; ... 16 more ...; xp?: number | ... 1 more ... | undefined; }'.
lib/use-theme-skin.ts(112,11): error TS2345: Argument of type '{ theme_xp: number; theme_level: number; }' is not assignable to parameter of type '{ age?: number | null | undefined; avatar?: string | null | undefined; coins?: number | null | undefined; created_at?: string | null | undefined; current_streak?: number | null | undefined; ... 16 more ...; xp?: number | ... 1 more ... | undefined; }'.
supabase/functions/generate-all-lessons/index.ts(2,30): error TS2307: Cannot find module 'npm:@supabase/supabase-js@2' or its corresponding type declarations.
supabase/functions/generate-all-lessons/index.ts(12,1): error TS2304: Cannot find name 'Deno'.
supabase/functions/generate-all-lessons/index.ts(21,25): error TS2304: Cannot find name 'Deno'.
supabase/functions/generate-all-lessons/index.ts(22,25): error TS2304: Cannot find name 'Deno'.
supabase/functions/generate-all-lessons/index.ts(23,23): error TS2304: Cannot find name 'Deno'.
supabase/functions/generate-all-lessons/index.ts(48,35): error TS7006: Parameter 'c' implicitly has an 'any' type.
supabase/functions/generate-all-lessons/index.ts(53,7): error TS7006: Parameter 'skill' implicitly has an 'any' type.
supabase/functions/generate-all-lessons/index.ts(171,18): error TS18046: 'error' is of type 'unknown'.
supabase/functions/generate-all-lessons/index.ts(171,35): error TS18046: 'error' is of type 'unknown'.
supabase/functions/generate-all-lessons/index.ts(201,16): error TS18046: 'error' is of type 'unknown'.
supabase/functions/generate-all-lessons/index.ts(202,18): error TS18046: 'error' is of type 'unknown'.
supabase/functions/generate-lesson/index.ts(2,30): error TS2307: Cannot find module 'npm:@supabase/supabase-js@2' or its corresponding type declarations.
supabase/functions/generate-lesson/index.ts(44,1): error TS2304: Cannot find name 'Deno'.
supabase/functions/generate-lesson/index.ts(50,25): error TS2304: Cannot find name 'Deno'.
supabase/functions/generate-lesson/index.ts(51,32): error TS2304: Cannot find name 'Deno'.
supabase/functions/generate-lesson/index.ts(52,21): error TS2304: Cannot find name 'Deno'.
supabase/functions/generate-lesson/index.ts(80,54): error TS7006: Parameter 'c' implicitly has an 'any' type.
supabase/functions/generate-lesson/index.ts(86,29): error TS7006: Parameter 's' implicitly has an 'any' type.
supabase/functions/generate-lesson/index.ts(130,65): error TS18046: 'e' is of type 'unknown'.
supabase/functions/generate-lesson/index.ts(162,49): error TS18046: 'error' is of type 'unknown'.
supabase/functions/generate-next-lesson/index.ts(2,30): error TS2307: Cannot find module 'npm:@supabase/supabase-js@2' or its corresponding type declarations.
supabase/functions/generate-next-lesson/index.ts(10,1): error TS2304: Cannot find name 'Deno'.
supabase/functions/generate-next-lesson/index.ts(19,25): error TS2304: Cannot find name 'Deno'.
supabase/functions/generate-next-lesson/index.ts(20,25): error TS2304: Cannot find name 'Deno'.
supabase/functions/generate-next-lesson/index.ts(21,23): error TS2304: Cannot find name 'Deno'.
supabase/functions/generate-next-lesson/index.ts(31,35): error TS7006: Parameter 'c' implicitly has an 'any' type.
supabase/functions/generate-next-lesson/index.ts(51,7): error TS7006: Parameter 'skill' implicitly has an 'any' type.
supabase/functions/generate-next-lesson/index.ts(180,16): error TS18046: 'error' is of type 'unknown'.
supabase/functions/generate-next-lesson/index.ts(181,18): error TS18046: 'error' is of type 'unknown'.
supabase/functions/generate-spelling-words/index.ts(2,30): error TS2307: Cannot find module 'npm:@supabase/supabase-js@2' or its corresponding type declarations.
supabase/functions/generate-spelling-words/index.ts(16,1): error TS2304: Cannot find name 'Deno'.
supabase/functions/generate-spelling-words/index.ts(22,25): error TS2304: Cannot find name 'Deno'.
supabase/functions/generate-spelling-words/index.ts(23,32): error TS2304: Cannot find name 'Deno'.
supabase/functions/generate-spelling-words/index.ts(24,21): error TS2304: Cannot find name 'Deno'.
supabase/functions/generate-spelling-words/index.ts(128,49): error TS18046: 'error' is of type 'unknown'.
supabase/functions/generate-story/index.ts(2,30): error TS2307: Cannot find module 'npm:@supabase/supabase-js@2' or its corresponding type declarations.
supabase/functions/generate-story/index.ts(13,1): error TS2304: Cannot find name 'Deno'.
supabase/functions/generate-story/index.ts(19,25): error TS2304: Cannot find name 'Deno'.
supabase/functions/generate-story/index.ts(20,32): error TS2304: Cannot find name 'Deno'.
supabase/functions/generate-story/index.ts(21,21): error TS2304: Cannot find name 'Deno'.
supabase/functions/generate-story/index.ts(122,49): error TS18046: 'error' is of type 'unknown'.
supabase/functions/generate-writing-prompts/index.ts(2,30): error TS2307: Cannot find module 'npm:@supabase/supabase-js@2' or its corresponding type declarations.
supabase/functions/generate-writing-prompts/index.ts(15,1): error TS2304: Cannot find name 'Deno'.
supabase/functions/generate-writing-prompts/index.ts(21,25): error TS2304: Cannot find name 'Deno'.
supabase/functions/generate-writing-prompts/index.ts(22,32): error TS2304: Cannot find name 'Deno'.
supabase/functions/generate-writing-prompts/index.ts(23,21): error TS2304: Cannot find name 'Deno'.
supabase/functions/generate-writing-prompts/index.ts(140,49): error TS18046: 'error' is of type 'unknown'.
